This is pdfTeX, Version 3.141592653-2.6-1.40.26 (MiKTeX 24.4) (preloaded format=pdflatex 2024.12.14)  15 DEC 2024 17:55
entering extended mode
 restricted \write18 enabled.
 file:line:error style messages enabled.
 %&-line parsing enabled.
**"c:/Users/maggi/OneDrive/Documents/Macalester/Comp394/Final Project/Report.tex"
(c:/Users/maggi/OneDrive/Documents/Macalester/Comp394/Final Project/Report.tex
LaTeX2e <2024-11-01>
L3 programming layer <2024-11-02>
(C:\Users\maggi\AppData\Local\Programs\MiKTeX\tex/latex/base\article.cls
Document Class: article 2024/06/29 v1.4n Standard LaTeX document class
(C:\Users\maggi\AppData\Local\Programs\MiKTeX\tex/latex/base\size11.clo
File: size11.clo 2024/06/29 v1.4n Standard LaTeX file (size option)
)
\c@part=\count196
\c@section=\count197
\c@subsection=\count198
\c@subsubsection=\count199
\c@paragraph=\count266
\c@subparagraph=\count267
\c@figure=\count268
\c@table=\count269
\abovecaptionskip=\skip49
\belowcaptionskip=\skip50
\bibindent=\dimen141
) (ACL2023.sty
Conference Style for ACL 2023
(C:\Users\maggi\AppData\Local\Programs\MiKTeX\tex/latex/xcolor\xcolor.sty
Package: xcolor 2024/09/29 v3.02 LaTeX color extensions (UK)
 (C:\Users\maggi\AppData\Local\Programs\MiKTeX\tex/latex/graphics-cfg\color.cfg
File: color.cfg 2016/01/02 v1.6 sample color configuration
)
Package xcolor Info: Driver file: pdftex.def on input line 274.
 (C:\Users\maggi\AppData\Local\Programs\MiKTeX\tex/latex/graphics-def\pdftex.def
File: pdftex.def 2024/04/13 v1.2c Graphics/color driver for pdftex
) (C:\Users\maggi\AppData\Local\Programs\MiKTeX\tex/latex/graphics\mathcolor.ltx)
Package xcolor Info: Model `cmy' substituted by `cmy0' on input line 1349.
Package xcolor Info: Model `hsb' substituted by `rgb' on input line 1353.
Package xcolor Info: Model `RGB' extended on input line 1365.
Package xcolor Info: Model `HTML' substituted by `rgb' on input line 1367.
Package xcolor Info: Model `Hsb' substituted by `hsb' on input line 1368.
Package xcolor Info: Model `tHsb' substituted by `hsb' on input line 1369.
Package xcolor Info: Model `HSB' substituted by `hsb' on input line 1370.
Package xcolor Info: Model `Gray' substituted by `gray' on input line 1371.
Package xcolor Info: Model `wave' substituted by `hsb' on input line 1372.
) (C:\Users\maggi\AppData\Local\Programs\MiKTeX\tex/latex/hyperref\hyperref.sty
Package: hyperref 2024-11-05 v7.01l Hypertext links for LaTeX
 (C:\Users\maggi\AppData\Local\Programs\MiKTeX\tex/generic/iftex\iftex.sty
Package: iftex 2022/02/03 v1.0f TeX engine tests
) (C:\Users\maggi\AppData\Local\Programs\MiKTeX\tex/latex/graphics\keyval.sty
Package: keyval 2022/05/29 v1.15 key=value parser (DPC)
\KV@toks@=\toks17
) (C:\Users\maggi\AppData\Local\Programs\MiKTeX\tex/latex/kvsetkeys\kvsetkeys.sty
Package: kvsetkeys 2022-10-05 v1.19 Key value parser (HO)
) (C:\Users\maggi\AppData\Local\Programs\MiKTeX\tex/generic/kvdefinekeys\kvdefinekeys.sty
Package: kvdefinekeys 2019-12-19 v1.6 Define keys (HO)
) (C:\Users\maggi\AppData\Local\Programs\MiKTeX\tex/generic/pdfescape\pdfescape.sty
Package: pdfescape 2019/12/09 v1.15 Implements pdfTeX's escape features (HO)
 (C:\Users\maggi\AppData\Local\Programs\MiKTeX\tex/generic/ltxcmds\ltxcmds.sty
Package: ltxcmds 2023-12-04 v1.26 LaTeX kernel commands for general use (HO)
) (C:\Users\maggi\AppData\Local\Programs\MiKTeX\tex/generic/pdftexcmds\pdftexcmds.sty
Package: pdftexcmds 2020-06-27 v0.33 Utility functions of pdfTeX for LuaTeX (HO)
 (C:\Users\maggi\AppData\Local\Programs\MiKTeX\tex/generic/infwarerr\infwarerr.sty
Package: infwarerr 2019/12/03 v1.5 Providing info/warning/error messages (HO)
)
Package pdftexcmds Info: \pdf@primitive is available.
Package pdftexcmds Info: \pdf@ifprimitive is available.
Package pdftexcmds Info: \pdfdraftmode found.
)) (C:\Users\maggi\AppData\Local\Programs\MiKTeX\tex/latex/hycolor\hycolor.sty
Package: hycolor 2020-01-27 v1.10 Color options for hyperref/bookmark (HO)
) (C:\Users\maggi\AppData\Local\Programs\MiKTeX\tex/latex/hyperref\nameref.sty
Package: nameref 2023-11-26 v2.56 Cross-referencing by name of section
 (C:\Users\maggi\AppData\Local\Programs\MiKTeX\tex/latex/refcount\refcount.sty
Package: refcount 2019/12/15 v3.6 Data extraction from label references (HO)
) (C:\Users\maggi\AppData\Local\Programs\MiKTeX\tex/generic/gettitlestring\gettitlestring.sty
Package: gettitlestring 2019/12/15 v1.6 Cleanup title references (HO)
 (C:\Users\maggi\AppData\Local\Programs\MiKTeX\tex/latex/kvoptions\kvoptions.sty
Package: kvoptions 2022-06-15 v3.15 Key value format for package options (HO)
))
\c@section@level=\count270
) (C:\Users\maggi\AppData\Local\Programs\MiKTeX\tex/latex/etoolbox\etoolbox.sty
Package: etoolbox 2020/10/05 v2.5k e-TeX tools for LaTeX (JAW)
\etb@tempcnta=\count271
) (C:\Users\maggi\AppData\Local\Programs\MiKTeX\tex/generic/stringenc\stringenc.sty
Package: stringenc 2019/11/29 v1.12 Convert strings between diff. encodings (HO)
)
\@linkdim=\dimen142
\Hy@linkcounter=\count272
\Hy@pagecounter=\count273
 (C:\Users\maggi\AppData\Local\Programs\MiKTeX\tex/latex/hyperref\pd1enc.def
File: pd1enc.def 2024-11-05 v7.01l Hyperref: PDFDocEncoding definition (HO)
Now handling font encoding PD1 ...
... no UTF-8 mapping file for font encoding PD1
) (C:\Users\maggi\AppData\Local\Programs\MiKTeX\tex/generic/intcalc\intcalc.sty
Package: intcalc 2019/12/15 v1.3 Expandable calculations with integers (HO)
)
\Hy@SavedSpaceFactor=\count274
 (C:\Users\maggi\AppData\Local\Programs\MiKTeX\tex/latex/hyperref\puenc.def
File: puenc.def 2024-11-05 v7.01l Hyperref: PDF Unicode definition (HO)
Now handling font encoding PU ...
... no UTF-8 mapping file for font encoding PU
)
Package hyperref Info: Option `breaklinks' set `true' on input line 4040.
Package hyperref Info: Hyper figures OFF on input line 4157.
Package hyperref Info: Link nesting OFF on input line 4162.
Package hyperref Info: Hyper index ON on input line 4165.
Package hyperref Info: Plain pages OFF on input line 4172.
Package hyperref Info: Backreferencing OFF on input line 4177.
Package hyperref Info: Implicit mode ON; LaTeX internals redefined.
Package hyperref Info: Bookmarks ON on input line 4424.
\c@Hy@tempcnt=\count275
 (C:\Users\maggi\AppData\Local\Programs\MiKTeX\tex/latex/url\url.sty
\Urlmuskip=\muskip17
Package: url 2013/09/16  ver 3.4  Verb mode for urls, etc.
)
LaTeX Info: Redefining \url on input line 4763.
\XeTeXLinkMargin=\dimen143
 (C:\Users\maggi\AppData\Local\Programs\MiKTeX\tex/generic/bitset\bitset.sty
Package: bitset 2019/12/09 v1.3 Handle bit-vector datatype (HO)
 (C:\Users\maggi\AppData\Local\Programs\MiKTeX\tex/generic/bigintcalc\bigintcalc.sty
Package: bigintcalc 2019/12/15 v1.5 Expandable calculations on big integers (HO)
))
\Fld@menulength=\count276
\Field@Width=\dimen144
\Fld@charsize=\dimen145
Package hyperref Info: Hyper figures OFF on input line 6042.
Package hyperref Info: Link nesting OFF on input line 6047.
Package hyperref Info: Hyper index ON on input line 6050.
Package hyperref Info: backreferencing OFF on input line 6057.
Package hyperref Info: Link coloring OFF on input line 6062.
Package hyperref Info: Link coloring with OCG OFF on input line 6067.
Package hyperref Info: PDF/A mode OFF on input line 6072.
 (C:\Users\maggi\AppData\Local\Programs\MiKTeX\tex/latex/base\atbegshi-ltx.sty
Package: atbegshi-ltx 2021/01/10 v1.0c Emulation of the original atbegshi
package with kernel methods
)
\Hy@abspage=\count277
\c@Item=\count278
\c@Hfootnote=\count279
)
Package hyperref Info: Driver (autodetected): hpdftex.
 (C:\Users\maggi\AppData\Local\Programs\MiKTeX\tex/latex/hyperref\hpdftex.def
File: hpdftex.def 2024-11-05 v7.01l Hyperref driver for pdfTeX
 (C:\Users\maggi\AppData\Local\Programs\MiKTeX\tex/latex/base\atveryend-ltx.sty
Package: atveryend-ltx 2020/08/19 v1.0a Emulation of the original atveryend package
with kernel methods
)
\Fld@listcount=\count280
\c@bookmark@seq@number=\count281
 (C:\Users\maggi\AppData\Local\Programs\MiKTeX\tex/latex/rerunfilecheck\rerunfilecheck.sty
Package: rerunfilecheck 2022-07-10 v1.10 Rerun checks for auxiliary files (HO)
 (C:\Users\maggi\AppData\Local\Programs\MiKTeX\tex/generic/uniquecounter\uniquecounter.sty
Package: uniquecounter 2019/12/15 v1.4 Provide unlimited unique counter (HO)
)
Package uniquecounter Info: New unique counter `rerunfilecheck' on input line 285.
)
\Hy@SectionHShift=\skip51
)
Package hyperref Info: Option `colorlinks' set `true' on input line 36.
 (C:\Users\maggi\AppData\Local\Programs\MiKTeX\tex/latex/geometry\geometry.sty
Package: geometry 2020/01/02 v5.9 Page Geometry
 (C:\Users\maggi\AppData\Local\Programs\MiKTeX\tex/generic/iftex\ifvtex.sty
Package: ifvtex 2019/10/25 v1.7 ifvtex legacy package. Use iftex instead.
)
\Gm@cnth=\count282
\Gm@cntv=\count283
\c@Gm@tempcnt=\count284
\Gm@bindingoffset=\dimen146
\Gm@wd@mp=\dimen147
\Gm@odd@mp=\dimen148
\Gm@even@mp=\dimen149
\Gm@layoutwidth=\dimen150
\Gm@layoutheight=\dimen151
\Gm@layouthoffset=\dimen152
\Gm@layoutvoffset=\dimen153
\Gm@dimlist=\toks18
 (C:\Users\maggi\AppData\Local\Programs\MiKTeX\tex/latex/geometry\geometry.cfg))
\titlebox=\skip52
 (C:\Users\maggi\AppData\Local\Programs\MiKTeX\tex/latex/caption\caption.sty
Package: caption 2023/08/05 v3.6o Customizing captions (AR)
 (C:\Users\maggi\AppData\Local\Programs\MiKTeX\tex/latex/caption\caption3.sty
Package: caption3 2023/07/31 v2.4d caption3 kernel (AR)
\caption@tempdima=\dimen154
\captionmargin=\dimen155
\caption@leftmargin=\dimen156
\caption@rightmargin=\dimen157
\caption@width=\dimen158
\caption@indent=\dimen159
\caption@parindent=\dimen160
\caption@hangindent=\dimen161
Package caption Info: Standard document class detected.
)
\c@caption@flags=\count285
\c@continuedfloat=\count286
Package caption Info: hyperref package is loaded.
) (C:\Users\maggi\AppData\Local\Programs\MiKTeX\tex/latex/natbib\natbib.sty
Package: natbib 2010/09/13 8.31b (PWD, AO)
\bibhang=\skip53
\bibsep=\skip54
LaTeX Info: Redefining \cite on input line 694.
\c@NAT@ctr=\count287
)) (C:\Users\maggi\AppData\Local\Programs\MiKTeX\tex/latex/psnfss\times.sty
Package: times 2020/03/25 PSNFSS-v9.3 (SPQR) 
) (C:\Users\maggi\AppData\Local\Programs\MiKTeX\tex/latex/base\latexsym.sty
Package: latexsym 1998/08/17 v2.2e Standard LaTeX package (lasy symbols)
\symlasy=\mathgroup4
LaTeX Font Info:    Overwriting symbol font `lasy' in version `bold'
(Font)                  U/lasy/m/n --> U/lasy/b/n on input line 52.
) (C:\Users\maggi\AppData\Local\Programs\MiKTeX\tex/latex/base\fontenc.sty
Package: fontenc 2021/04/29 v2.0v Standard LaTeX package
LaTeX Font Info:    Trying to load font information for T1+ptm on input line 116.
 (C:\Users\maggi\AppData\Local\Programs\MiKTeX\tex/latex/psnfss\t1ptm.fd
File: t1ptm.fd 2001/06/04 font definitions for T1/ptm.
)) (C:\Users\maggi\AppData\Local\Programs\MiKTeX\tex/latex/base\inputenc.sty
Package: inputenc 2024/02/08 v1.3d Input encoding file
\inpenc@prehook=\toks19
\inpenc@posthook=\toks20
) (C:\Users\maggi\AppData\Local\Programs\MiKTeX\tex/latex/microtype\microtype.sty
Package: microtype 2024/03/29 v3.1b Micro-typographical refinements (RS)
\MT@toks=\toks21
\MT@tempbox=\box52
\MT@count=\count288
LaTeX Info: Redefining \noprotrusionifhmode on input line 1061.
LaTeX Info: Redefining \leftprotrusion on input line 1062.
\MT@prot@toks=\toks22
LaTeX Info: Redefining \rightprotrusion on input line 1081.
LaTeX Info: Redefining \textls on input line 1392.
\MT@outer@kern=\dimen162
LaTeX Info: Redefining \textmicrotypecontext on input line 2013.
\MT@listname@count=\count289
 (C:\Users\maggi\AppData\Local\Programs\MiKTeX\tex/latex/microtype\microtype-pdftex.def
File: microtype-pdftex.def 2024/03/29 v3.1b Definitions specific to pdftex (RS)
LaTeX Info: Redefining \lsstyle on input line 902.
LaTeX Info: Redefining \lslig on input line 902.
\MT@outer@space=\skip55
)
Package microtype Info: Loading configuration file microtype.cfg.
 (C:\Users\maggi\AppData\Local\Programs\MiKTeX\tex/latex/microtype\microtype.cfg
File: microtype.cfg 2024/03/29 v3.1b microtype main configuration file (RS)
)) (C:\Users\maggi\AppData\Local\Programs\MiKTeX\tex/latex/inconsolata\inconsolata.sty
Package: inconsolata 2019/05/17 v1.12
 `inconsolata-zi4' v1.12, 2019/05/17 Text macros for Inconsolata (msharpe) (C:\Users\maggi\AppData\Local\Programs\MiKTeX\tex/latex/base\textcomp.sty
Package: textcomp 2024/04/24 v2.1b Standard LaTeX package
) (C:\Users\maggi\AppData\Local\Programs\MiKTeX\tex/latex/xkeyval\xkeyval.sty
Package: xkeyval 2022/06/16 v2.9 package option processing (HA)
 (C:\Users\maggi\AppData\Local\Programs\MiKTeX\tex/generic/xkeyval\xkeyval.tex (C:\Users\maggi\AppData\Local\Programs\MiKTeX\tex/generic/xkeyval\xkvutils.tex
\XKV@toks=\toks23
\XKV@tempa@toks=\toks24
)
\XKV@depth=\count290
File: xkeyval.tex 2014/12/03 v2.7a key=value parser (HA)
))
\zifour@ocount=\count291
) (C:\Users\maggi\AppData\Local\Programs\MiKTeX\tex/generic/babel\babel.sty
Package: babel 2024/11/08 v24.13 The multilingual framework for pdfLaTeX, LuaLaTeX and XeLaTeX
\babel@savecnt=\count292
\U@D=\dimen163
\l@unhyphenated=\language79
 (C:\Users\maggi\AppData\Local\Programs\MiKTeX\tex/generic/babel\txtbabel.def)
\bbl@readstream=\read2
\bbl@dirlevel=\count293

*************************************
* Local config file bblopts.cfg used
*
(C:\Users\maggi\AppData\Local\Programs\MiKTeX\tex/latex/arabi\bblopts.cfg
File: bblopts.cfg 2005/09/08 v0.1 add Arabic and Farsi to "declared" options of babel
) (C:\Users\maggi\AppData\Local\Programs\MiKTeX\tex/latex/babel-english\english.ldf
Language: english 2017/06/06 v3.3r English support from the babel system
Package babel Info: Hyphen rules for 'canadian' set to \l@english
(babel)             (\language0). Reported on input line 102.
Package babel Info: Hyphen rules for 'australian' set to \l@ukenglish
(babel)             (\language73). Reported on input line 105.
Package babel Info: Hyphen rules for 'newzealand' set to \l@ukenglish
(babel)             (\language73). Reported on input line 108.
)) (C:\Users\maggi\AppData\Local\Programs\MiKTeX\tex/generic/babel/locale/en\babel-english.tex
Package babel Info: Importing font and identification data for english
(babel)             from babel-en.ini. Reported on input line 11.
) (C:\Users\maggi\AppData\Local\Programs\MiKTeX\tex/latex/csquotes\csquotes.sty
Package: csquotes 2024-04-04 v5.2o context-sensitive quotations (JAW)
\csq@reset=\count294
\csq@gtype=\count295
\csq@glevel=\count296
\csq@qlevel=\count297
\csq@maxlvl=\count298
\csq@tshold=\count299
\csq@ltx@everypar=\toks25
 (C:\Users\maggi\AppData\Local\Programs\MiKTeX\tex/latex/csquotes\csquotes.def
File: csquotes.def 2024-04-04 v5.2o csquotes generic definitions (JAW)
)
Package csquotes Info: Trying to load configuration file 'csquotes.cfg'...
Package csquotes Info: ... configuration file loaded successfully.
 (C:\Users\maggi\AppData\Local\Programs\MiKTeX\tex/latex/csquotes\csquotes.cfg
File: csquotes.cfg 
)
Package csquotes Info: Enabling multilingual quotes.
Package csquotes Info: Redefining alias 'english' -> 'english/american'.
)
Package csquotes Info: Allocating character ".
 (C:\Users\maggi\AppData\Local\Programs\MiKTeX\tex/latex/tabularray\tabularray.sty (C:\Users\maggi\AppData\Local\Programs\MiKTeX\tex/latex/l3kernel\expl3.sty
Package: expl3 2024-11-02 L3 programming layer (loader) 
 (C:\Users\maggi\AppData\Local\Programs\MiKTeX\tex/latex/l3backend\l3backend-pdftex.def
File: l3backend-pdftex.def 2024-05-08 L3 backend support: PDF output (pdfTeX)
\l__color_backend_stack_int=\count300
\l__pdf_internal_box=\box53
))
Package: tabularray 2024-02-16 v2024A Typeset tabulars and arrays with LaTeX3
\l__tblr_a_int=\count301
\l__tblr_c_int=\count302
\l__tblr_r_int=\count303
\l__tblr_d_dim=\dimen164
\l__tblr_h_dim=\dimen165
\l__tblr_o_dim=\dimen166
\l__tblr_p_dim=\dimen167
\l__tblr_q_dim=\dimen168
\l__tblr_r_dim=\dimen169
\l__tblr_s_dim=\dimen170
\l__tblr_t_dim=\dimen171
\l__tblr_v_dim=\dimen172
\l__tblr_w_dim=\dimen173
\l__tblr_a_box=\box54
\l__tblr_b_box=\box55
\l__tblr_c_box=\box56
\l__tblr_d_box=\box57
\g__tblr_table_count_int=\count304
\c@rownum=\count305
\c@colnum=\count306
\c@rowcount=\count307
\c@colcount=\count308
\abovesep=\dimen174
\belowsep=\dimen175
\leftsep=\dimen176
\rightsep=\dimen177
\g_tblr_level_int=\count309
\g__tblr_data_row_key_count_int=\count310
\g__tblr_data_column_key_count_int=\count311
\g__tblr_data_cell_key_count_int=\count312
\g__tblr_array_int=\count313
\l__tblr_key_count_int=\count314
\l__tblr_key_quotient_int=\count315
\l__tblr_key_quotient_two_int=\count316
\l__tblr_key_remainder_int=\count317
\g__tblr_data_str_value_count_int=\count318
\rulewidth=\dimen178
\l__tblr_strut_dp_dim=\dimen179
\l__tblr_strut_ht_dim=\dimen180
\g__tblr_cell_wd_dim=\dimen181
\g__tblr_cell_ht_dim=\dimen182
\g__tblr_cell_head_dim=\dimen183
\g__tblr_cell_foot_dim=\dimen184
\l__column_target_dim=\dimen185
\l__tblr_caption_box=\box58
\l__tblr_caption_left_box=\box59
\l__tblr_row_head_box=\box60
\l__tblr_row_foot_box=\box61
\l__tblr_row_head_foot_dim=\dimen186
\tablewidth=\dimen187
\l__tblr_table_firsthead_box=\box62
\l__tblr_table_middlehead_box=\box63
\l__tblr_table_lasthead_box=\box64
\l__tblr_table_firstfoot_box=\box65
\l__tblr_table_middlefoot_box=\box66
\l__tblr_table_lastfoot_box=\box67
\l__tblr_remain_height_dim=\dimen188
\l__tblr_long_from_int=\count319
\l__tblr_long_to_int=\count320
\l__tblr_curr_i_int=\count321
\l__tblr_prev_i_int=\count322
\l__tblr_table_page_int=\count323
\l__tblr_table_head_box=\box68
\l__tblr_table_foot_box=\box69
\l__tblr_table_head_foot_dim=\dimen189
\l__tblr_table_head_body_foot_dim=\dimen190
\l__tblr_table_box=\box70
\l__tblr_table_hlines_box=\box71
\l__tblr_hline_box=\box72
\l__tblr_row_box=\box73
\l__tblr_col_o_wd_dim=\dimen191
\l__tblr_col_b_wd_dim=\dimen192
\l__tblr_hline_leftskip_dim=\dimen193
\l__tblr_hline_rightskip_dim=\dimen194
\l__tblr_row_ht_dim=\dimen195
\l__tblr_row_dp_dim=\dimen196
\l__tblr_row_abovesep_dim=\dimen197
\l__tblr_row_belowsep_dim=\dimen198
\l__tblr_row_vlines_box=\box74
\l__tblr_vline_box=\box75
\l__tblr_cell_box=\box76
\l__row_upper_dim=\dimen199
\l__row_lower_dim=\dimen256
\l__row_vpace_dim=\dimen257
\l__tblr_vline_aboveskip_dim=\dimen258
\l__tblr_vline_belowskip_dim=\dimen259
\l__tblr_cell_wd_dim=\dimen260
\l__tblr_cell_ht_dim=\dimen261
\l__tblr_diag_box=\box77
)
Package csquotes Info: Checking for multilingual support...
Package csquotes Info: ... found 'babel' package.
 (Report.aux)
\openout1 = `Report.aux'.

LaTeX Font Info:    Checking defaults for OML/cmm/m/it on input line 66.
LaTeX Font Info:    ... okay on input line 66.
LaTeX Font Info:    Checking defaults for OMS/cmsy/m/n on input line 66.
LaTeX Font Info:    ... okay on input line 66.
LaTeX Font Info:    Checking defaults for OT1/cmr/m/n on input line 66.
LaTeX Font Info:    ... okay on input line 66.
LaTeX Font Info:    Checking defaults for T1/cmr/m/n on input line 66.
LaTeX Font Info:    ... okay on input line 66.
LaTeX Font Info:    Checking defaults for TS1/cmr/m/n on input line 66.
LaTeX Font Info:    ... okay on input line 66.
LaTeX Font Info:    Checking defaults for OMX/cmex/m/n on input line 66.
LaTeX Font Info:    ... okay on input line 66.
LaTeX Font Info:    Checking defaults for U/cmr/m/n on input line 66.
LaTeX Font Info:    ... okay on input line 66.
LaTeX Font Info:    Checking defaults for PD1/pdf/m/n on input line 66.
LaTeX Font Info:    ... okay on input line 66.
LaTeX Font Info:    Checking defaults for PU/pdf/m/n on input line 66.
LaTeX Font Info:    ... okay on input line 66.
 (C:\Users\maggi\AppData\Local\Programs\MiKTeX\tex/context/base/mkii\supp-pdf.mkii
[Loading MPS to PDF converter (version 2006.09.02).]
\scratchcounter=\count324
\scratchdimen=\dimen262
\scratchbox=\box78
\nofMPsegments=\count325
\nofMParguments=\count326
\everyMPshowfont=\toks26
\MPscratchCnt=\count327
\MPscratchDim=\dimen263
\MPnumerator=\count328
\makeMPintoPDFobject=\count329
\everyMPtoPDFconversion=\toks27
)
Package hyperref Info: Link coloring ON on input line 66.
 (Report.out) (Report.out)
\@outlinefile=\write3
\openout3 = `Report.out'.


*geometry* driver: auto-detecting
*geometry* detected driver: pdftex
*geometry* verbose mode - [ preamble ] result:
* driver: pdftex
* paper: a4paper
* layout: <same size as paper>
* layoutoffset:(h,v)=(0.0pt,0.0pt)
* modes: 
* h-part:(L,W,R)=(71.13188pt, 455.24411pt, 71.13188pt)
* v-part:(T,H,B)=(71.13188pt, 702.78308pt, 71.13188pt)
* \paperwidth=597.50787pt
* \paperheight=845.04684pt
* \textwidth=455.24411pt
* \textheight=702.78308pt
* \oddsidemargin=-1.1381pt
* \evensidemargin=-1.1381pt
* \topmargin=-38.1381pt
* \headheight=12.0pt
* \headsep=25.0pt
* \topskip=11.0pt
* \footskip=30.0pt
* \marginparwidth=59.0pt
* \marginparsep=10.0pt
* \columnsep=17.07182pt
* \skip\footins=9.0pt plus 4.0pt minus 2.0pt
* \hoffset=0.0pt
* \voffset=0.0pt
* \mag=1000
* \@twocolumntrue
* \@twosidefalse
* \@mparswitchfalse
* \@reversemarginfalse
* (1in=72.27pt=25.4mm, 1cm=28.453pt)

Package caption Info: Begin \AtBeginDocument code.
Package caption Info: End \AtBeginDocument code.
LaTeX Info: Redefining \microtypecontext on input line 66.
Package microtype Info: Applying patch `item' on input line 66.
Package microtype Info: Applying patch `toc' on input line 66.
Package microtype Info: Applying patch `eqnum' on input line 66.
Package microtype Info: Applying patch `footnote' on input line 66.
Package microtype Info: Applying patch `verbatim' on input line 66.
Package microtype Info: Generating PDF output.
Package microtype Info: Character protrusion enabled (level 2).
Package microtype Info: Using default protrusion set `alltext'.
Package microtype Info: Automatic font expansion enabled (level 2),
(microtype)             stretch: 20, shrink: 20, step: 1, non-selected.
Package microtype Info: Using default expansion set `alltext-nott'.
LaTeX Info: Redefining \showhyphens on input line 66.
Package microtype Info: No adjustment of tracking.
Package microtype Info: No adjustment of interword spacing.
Package microtype Info: No adjustment of character kerning.
(C:\Users\maggi\AppData\Local\Programs\MiKTeX\tex/latex/microtype\mt-ptm.cfg
File: mt-ptm.cfg 2006/04/20 v1.7 microtype config. file: Times (RS)
) (C:\Users\maggi\AppData\Local\Programs\MiKTeX\tex/latex/upquote\upquote.sty
Package: upquote 2012/04/19 v1.3 upright-quote and grave-accent glyphs in verbatim
)
Package csquotes Info: Making character " active on input line 66.
 (C:\Users\maggi\AppData\Local\Programs\MiKTeX\tex/latex/ninecolors\ninecolors.sty
Package: ninecolors 2022-02-13 v2022D Select colors with proper color contrast
 (C:\Users\maggi\AppData\Local\Programs\MiKTeX\tex/latex/l3packages/xparse\xparse.sty
Package: xparse 2024-08-16 L3 Experimental document command parser
)) (C:\Users\maggi\AppData\Local\Programs\MiKTeX\tex/latex/microtype\mt-cmr.cfg
File: mt-cmr.cfg 2013/05/19 v2.2 microtype config. file: Computer Modern Roman (RS)
)
LaTeX Font Info:    External font `cmex10' loaded for size
(Font)              <12> on input line 67.
LaTeX Font Info:    External font `cmex10' loaded for size
(Font)              <8> on input line 67.
LaTeX Font Info:    External font `cmex10' loaded for size
(Font)              <6> on input line 67.
LaTeX Font Info:    Trying to load font information for U+lasy on input line 67.
 (C:\Users\maggi\AppData\Local\Programs\MiKTeX\tex/latex/base\ulasy.fd
File: ulasy.fd 1998/08/17 v2.2e LaTeX symbol font definitions
)



[1{C:/Users/maggi/AppData/Local/MiKTeX/fonts/map/pdftex/pdftex.map}{C:/Users/maggi/AppData/Local/Programs/MiKTeX/fonts/enc/dvips/base/8r.enc}



]
> Step: init table outer spec.
> Step: parse table options.
> Step: split table.
> Step: init table inner spec.
> Step: parse table inner spec.
> Step: execute table commands.
> Step: calculate cell and line sizes.

Underfull \hbox (badness 10000) in paragraph at lines 102--102
[]\T1/ptm/m/n/10.95 (+20) Naive
 []


Underfull \hbox (badness 10000) in paragraph at lines 102--102
\T1/ptm/m/n/10.95 (+20) Bayes
 []


Underfull \hbox (badness 4940) in paragraph at lines 102--102
\T1/ptm/m/n/10.95 (+20) on 10-
 []


Overfull \hbox (3.35855pt too wide) in paragraph at lines 102--102
\T1/ptm/m/n/10.95 (-20) Samples 
 []


Underfull \hbox (badness 10000) in paragraph at lines 102--102
[]\T1/ptm/m/n/10.95 (+20) Naive
 []


Underfull \hbox (badness 10000) in paragraph at lines 102--102
\T1/ptm/m/n/10.95 (+20) Bayes
 []


Underfull \hbox (badness 4940) in paragraph at lines 102--102
\T1/ptm/m/n/10.95 (+20) on 20-
 []


Overfull \hbox (3.35855pt too wide) in paragraph at lines 102--102
\T1/ptm/m/n/10.95 (-20) Samples 
 []


Underfull \hbox (badness 10000) in paragraph at lines 102--102
[]\T1/ptm/m/n/10.95 (+20) Logistic
 []


Underfull \hbox (badness 10000) in paragraph at lines 102--102
\T1/ptm/m/n/10.95 (+20) Re-gres-
 []


Underfull \hbox (badness 10000) in paragraph at lines 102--102
\T1/ptm/m/n/10.95 (+20) sion
 []


Underfull \hbox (badness 10000) in paragraph at lines 102--102
\T1/ptm/m/n/10.95 (+20) on 10-
 []


Underfull \hbox (badness 10000) in paragraph at lines 102--102
[]\T1/ptm/m/n/10.95 (+20) Logistic
 []


Underfull \hbox (badness 10000) in paragraph at lines 102--102
\T1/ptm/m/n/10.95 (+20) Re-gres-
 []


Underfull \hbox (badness 10000) in paragraph at lines 102--102
\T1/ptm/m/n/10.95 (+20) sion
 []


Underfull \hbox (badness 10000) in paragraph at lines 102--102
\T1/ptm/m/n/10.95 (+20) on 20-
 []


Overfull \hbox (5.537pt too wide) in paragraph at lines 102--102
[]\T1/ptm/m/n/10.95 (-20) Acc-
 []


Overfull \hbox (10.18474pt too wide) in paragraph at lines 102--102
\T1/ptm/m/n/10.95 (-20) uracy 
 []


Overfull \hbox (2.9587pt too wide) in paragraph at lines 102--102
[]\T1/ptm/m/n/10.95 (-20) Pre-
 []


Overfull \hbox (12.53473pt too wide) in paragraph at lines 102--102
\T1/ptm/m/n/10.95 (-20) cision 
 []


Overfull \hbox (0.57645pt too wide) in paragraph at lines 102--102
[]\T1/ptm/m/n/10.95 (-20) Re-
 []


Overfull \hbox (2.394pt too wide) in paragraph at lines 102--102
\T1/ptm/m/n/10.95 (-20) call 
 []

> Step: build the whole table.

Underfull \hbox (badness 10000) in paragraph at lines 102--102
[]\T1/ptm/m/n/10.95 (+20) Naive
 []


Underfull \hbox (badness 10000) in paragraph at lines 102--102
\T1/ptm/m/n/10.95 (+20) Bayes
 []


Underfull \hbox (badness 4940) in paragraph at lines 102--102
\T1/ptm/m/n/10.95 (+20) on 10-
 []


Overfull \hbox (3.35855pt too wide) in paragraph at lines 102--102
\T1/ptm/m/n/10.95 (-20) Samples 
 []


Underfull \hbox (badness 10000) in paragraph at lines 102--102
[]\T1/ptm/m/n/10.95 (+20) Naive
 []


Underfull \hbox (badness 10000) in paragraph at lines 102--102
\T1/ptm/m/n/10.95 (+20) Bayes
 []


Underfull \hbox (badness 4940) in paragraph at lines 102--102
\T1/ptm/m/n/10.95 (+20) on 20-
 []


Overfull \hbox (3.35855pt too wide) in paragraph at lines 102--102
\T1/ptm/m/n/10.95 (-20) Samples 
 []


Underfull \hbox (badness 10000) in paragraph at lines 102--102
[]\T1/ptm/m/n/10.95 (+20) Logistic
 []


Underfull \hbox (badness 10000) in paragraph at lines 102--102
\T1/ptm/m/n/10.95 (+20) Re-gres-
 []


Underfull \hbox (badness 10000) in paragraph at lines 102--102
\T1/ptm/m/n/10.95 (+20) sion
 []


Underfull \hbox (badness 10000) in paragraph at lines 102--102
\T1/ptm/m/n/10.95 (+20) on 10-
 []


Underfull \hbox (badness 10000) in paragraph at lines 102--102
[]\T1/ptm/m/n/10.95 (+20) Logistic
 []


Underfull \hbox (badness 10000) in paragraph at lines 102--102
\T1/ptm/m/n/10.95 (+20) Re-gres-
 []


Underfull \hbox (badness 10000) in paragraph at lines 102--102
\T1/ptm/m/n/10.95 (+20) sion
 []


Underfull \hbox (badness 10000) in paragraph at lines 102--102
\T1/ptm/m/n/10.95 (+20) on 20-
 []


Overfull \hbox (5.537pt too wide) in paragraph at lines 102--102
[]\T1/ptm/m/n/10.95 (-20) Acc-
 []


Overfull \hbox (10.18474pt too wide) in paragraph at lines 102--102
\T1/ptm/m/n/10.95 (-20) uracy 
 []


Overfull \hbox (2.9587pt too wide) in paragraph at lines 102--102
[]\T1/ptm/m/n/10.95 (-20) Pre-
 []


Overfull \hbox (12.53473pt too wide) in paragraph at lines 102--102
\T1/ptm/m/n/10.95 (-20) cision 
 []


Overfull \hbox (0.57645pt too wide) in paragraph at lines 102--102
[]\T1/ptm/m/n/10.95 (-20) Re-
 []


Overfull \hbox (2.394pt too wide) in paragraph at lines 102--102
\T1/ptm/m/n/10.95 (-20) call 
 []

LaTeX Font Info:    External font `cmex10' loaded for size
(Font)              <10.95> on input line 102.
> Step: init table outer spec.
> Step: parse table options.
> Step: split table.
> Step: init table inner spec.
> Step: parse table inner spec.
> Step: execute table commands.
> Step: calculate cell and line sizes.

Overfull \hbox (10.38116pt too wide) in paragraph at lines 116--116
[]\T1/ptm/m/n/10.95 (-20) Heal-
 []


Overfull \hbox (7.21628pt too wide) in paragraph at lines 116--116
[]\T1/ptm/m/n/10.95 (-20) Hist-
 []


Overfull \hbox (1.49352pt too wide) in paragraph at lines 116--116
\T1/ptm/m/n/10.95 (-20) ory 
 []


Overfull \hbox (2.38225pt too wide) in paragraph at lines 116--116
[]\T1/ptm/m/n/10.95 (-20) Rel-
 []


Overfull \hbox (7.78418pt too wide) in paragraph at lines 116--116
\T1/ptm/m/n/10.95 (-20) igion 
 []


Overfull \hbox (1.45554pt too wide) in paragraph at lines 116--116
[]\T1/ptm/m/n/10.95 (-20) Sci-
 []


Overfull \hbox (5.64488pt too wide) in paragraph at lines 116--116
\T1/ptm/m/n/10.95 (-20) ence 
 []


Overfull \hbox (2.79845pt too wide) in paragraph at lines 116--116
[]\T1/ptm/m/n/10.95 (-20) Tech-
 []


Overfull \hbox (10.12488pt too wide) in paragraph at lines 116--116
\T1/ptm/m/n/10.95 (-20) nology 
 []


Overfull \hbox (1.53981pt too wide) in paragraph at lines 116--116
[]\T1/ptm/m/n/10.95 (-20) The
 []


Overfull \hbox (3.27692pt too wide) in paragraph at lines 116--116
\T1/ptm/m/n/10.95 (-20) Arts 
 []


Overfull \hbox (18.7153pt too wide) in paragraph at lines 116--116
[]\T1/ptm/m/n/10.95 (-20) Average 
 []


Underfull \hbox (badness 10000) in paragraph at lines 116--116
[]\T1/ptm/m/n/10.95 (+20) 10-
 []


Overfull \hbox (16.00668pt too wide) in paragraph at lines 116--116
\T1/ptm/m/n/10.95 (-20) Samples 
 []


Overfull \hbox (9.00638pt too wide) in paragraph at lines 116--116
[]\T1/ptm/m/n/10.95 (-20) 1710 
 []


Overfull \hbox (8.21313pt too wide) in paragraph at lines 116--116
[]\T1/ptm/m/n/10.95 (-20) 1979 
 []


Overfull \hbox (5.81471pt too wide) in paragraph at lines 116--116
[]\T1/ptm/m/n/10.95 (-20) 1857 
 []


Overfull \hbox (6.62663pt too wide) in paragraph at lines 116--116
[]\T1/ptm/m/n/10.95 (-20) 2221 
 []


Overfull \hbox (0.79079pt too wide) in paragraph at lines 116--116
[]\T1/ptm/m/n/10.95 (-20) 1167 
 []


Overfull \hbox (5.83337pt too wide) in paragraph at lines 116--116
[]\T1/ptm/m/n/10.95 (-20) 1445 
 []


Overfull \hbox (12.42732pt too wide) in paragraph at lines 116--116
[]\T1/ptm/m/n/10.95 (-20) 1396.5 
 []


Underfull \hbox (badness 10000) in paragraph at lines 116--116
[]\T1/ptm/m/n/10.95 (+20) 20-
 []


Overfull \hbox (16.00668pt too wide) in paragraph at lines 116--116
\T1/ptm/m/n/10.95 (-20) Samples 
 []


Overfull \hbox (9.00638pt too wide) in paragraph at lines 116--116
[]\T1/ptm/m/n/10.95 (-20) 3101 
 []


Overfull \hbox (9.03438pt too wide) in paragraph at lines 116--116
[]\T1/ptm/m/n/10.95 (-20) 2929 
 []


Overfull \hbox (7.18346pt too wide) in paragraph at lines 116--116
[]\T1/ptm/m/n/10.95 (-20) 3492 
 []


Overfull \hbox (7.44788pt too wide) in paragraph at lines 116--116
[]\T1/ptm/m/n/10.95 (-20) 3252 
 []


Overfull \hbox (1.61203pt too wide) in paragraph at lines 116--116
[]\T1/ptm/m/n/10.95 (-20) 2947 
 []


Overfull \hbox (6.10712pt too wide) in paragraph at lines 116--116
[]\T1/ptm/m/n/10.95 (-20) 3027 
 []


Overfull \hbox (23.43205pt too wide) in paragraph at lines 116--116
[]\T1/ptm/m/n/10.95 (-20) 3124.667 
 []

> Step: build the whole table.

Overfull \hbox (10.38116pt too wide) in paragraph at lines 116--116
[]\T1/ptm/m/n/10.95 (-20) Heal-
 []


Overfull \hbox (7.21628pt too wide) in paragraph at lines 116--116
[]\T1/ptm/m/n/10.95 (-20) Hist-
 []


Overfull \hbox (1.49352pt too wide) in paragraph at lines 116--116
\T1/ptm/m/n/10.95 (-20) ory 
 []


Overfull \hbox (2.38225pt too wide) in paragraph at lines 116--116
[]\T1/ptm/m/n/10.95 (-20) Rel-
 []


Overfull \hbox (7.78418pt too wide) in paragraph at lines 116--116
\T1/ptm/m/n/10.95 (-20) igion 
 []


Overfull \hbox (1.45554pt too wide) in paragraph at lines 116--116
[]\T1/ptm/m/n/10.95 (-20) Sci-
 []


Overfull \hbox (5.64488pt too wide) in paragraph at lines 116--116
\T1/ptm/m/n/10.95 (-20) ence 
 []


Overfull \hbox (2.79845pt too wide) in paragraph at lines 116--116
[]\T1/ptm/m/n/10.95 (-20) Tech-
 []


Overfull \hbox (10.12488pt too wide) in paragraph at lines 116--116
\T1/ptm/m/n/10.95 (-20) nology 
 []


Overfull \hbox (1.53981pt too wide) in paragraph at lines 116--116
[]\T1/ptm/m/n/10.95 (-20) The
 []


Overfull \hbox (3.27692pt too wide) in paragraph at lines 116--116
\T1/ptm/m/n/10.95 (-20) Arts 
 []


Overfull \hbox (18.7153pt too wide) in paragraph at lines 116--116
[]\T1/ptm/m/n/10.95 (-20) Average 
 []


Underfull \hbox (badness 10000) in paragraph at lines 116--116
[]\T1/ptm/m/n/10.95 (+20) 10-
 []


Overfull \hbox (16.00668pt too wide) in paragraph at lines 116--116
\T1/ptm/m/n/10.95 (-20) Samples 
 []


Overfull \hbox (9.00638pt too wide) in paragraph at lines 116--116
[]\T1/ptm/m/n/10.95 (-20) 1710 
 []


Overfull \hbox (8.21313pt too wide) in paragraph at lines 116--116
[]\T1/ptm/m/n/10.95 (-20) 1979 
 []


Overfull \hbox (5.81471pt too wide) in paragraph at lines 116--116
[]\T1/ptm/m/n/10.95 (-20) 1857 
 []


Overfull \hbox (6.62663pt too wide) in paragraph at lines 116--116
[]\T1/ptm/m/n/10.95 (-20) 2221 
 []


Overfull \hbox (0.79079pt too wide) in paragraph at lines 116--116
[]\T1/ptm/m/n/10.95 (-20) 1167 
 []


Overfull \hbox (5.83337pt too wide) in paragraph at lines 116--116
[]\T1/ptm/m/n/10.95 (-20) 1445 
 []


Overfull \hbox (12.42732pt too wide) in paragraph at lines 116--116
[]\T1/ptm/m/n/10.95 (-20) 1396.5 
 []


Underfull \hbox (badness 10000) in paragraph at lines 116--116
[]\T1/ptm/m/n/10.95 (+20) 20-
 []


Overfull \hbox (16.00668pt too wide) in paragraph at lines 116--116
\T1/ptm/m/n/10.95 (-20) Samples 
 []


Overfull \hbox (9.00638pt too wide) in paragraph at lines 116--116
[]\T1/ptm/m/n/10.95 (-20) 3101 
 []


Overfull \hbox (9.03438pt too wide) in paragraph at lines 116--116
[]\T1/ptm/m/n/10.95 (-20) 2929 
 []


Overfull \hbox (7.18346pt too wide) in paragraph at lines 116--116
[]\T1/ptm/m/n/10.95 (-20) 3492 
 []


Overfull \hbox (7.44788pt too wide) in paragraph at lines 116--116
[]\T1/ptm/m/n/10.95 (-20) 3252 
 []


Overfull \hbox (1.61203pt too wide) in paragraph at lines 116--116
[]\T1/ptm/m/n/10.95 (-20) 2947 
 []


Overfull \hbox (6.10712pt too wide) in paragraph at lines 116--116
[]\T1/ptm/m/n/10.95 (-20) 3027 
 []


Overfull \hbox (23.43205pt too wide) in paragraph at lines 116--116
[]\T1/ptm/m/n/10.95 (-20) 3124.667 
 []

> Step: init table outer spec.
> Step: parse table options.
> Step: split table.
> Step: init table inner spec.
> Step: parse table inner spec.
> Step: execute table commands.
> Step: calculate cell and line sizes.
LaTeX Font Info:    Trying to load font information for TS1+ptm on input line 128.
(C:\Users\maggi\AppData\Local\Programs\MiKTeX\tex/latex/psnfss\ts1ptm.fd
File: ts1ptm.fd 2001/06/04 font definitions for TS1/ptm.
)
Overfull \hbox (4.43979pt too wide) in paragraph at lines 128--128
[]\T1/ptm/m/n/10.95 (-20) Heal-
 []


Overfull \hbox (3.95645pt too wide) in paragraph at lines 128--128
[]\T1/ptm/m/n/10.95 (-20) Hist-
 []


Underfull \hbox (badness 10000) in paragraph at lines 128--128
[]\T1/ptm/m/n/10.95 (+20) Rel-
 []


Overfull \hbox (2.45341pt too wide) in paragraph at lines 128--128
\T1/ptm/m/n/10.95 (-20) igion 
 []


Underfull \hbox (badness 10000) in paragraph at lines 128--128
[]\T1/ptm/m/n/10.95 (+20) Sci-
 []


Underfull \hbox (badness 10000) in paragraph at lines 128--128
[]\T1/ptm/m/n/10.95 (+20) Tech-
 []


Overfull \hbox (4.00789pt too wide) in paragraph at lines 128--128
\T1/ptm/m/n/10.95 (-20) nology 
 []


Overfull \hbox (1.24077pt too wide) in paragraph at lines 128--128
[]\T1/ptm/m/n/10.95 (-20) The
 []


Overfull \hbox (2.97787pt too wide) in paragraph at lines 128--128
\T1/ptm/m/n/10.95 (-20) Arts 
 []


Underfull \hbox (badness 10000) in paragraph at lines 128--128
[]\T1/ptm/m/n/10.95 (+20) 10-
 []


Overfull \hbox (7.75337pt too wide) in paragraph at lines 128--128
\T1/ptm/m/n/10.95 (-20) Samp-
 []


Underfull \hbox (badness 10000) in paragraph at lines 128--128
[]\TS1/ptm/m/n/10.95 (+20) ˆ
 []


Overfull \hbox (8.65047pt too wide) in paragraph at lines 128--128
\T1/ptm/m/n/10.95 (-20) health 
 []


Underfull \hbox (badness 10000) in paragraph at lines 128--128
\TS1/ptm/m/n/10.95 (+20) ˆ
 []


Underfull \hbox (badness 10000) in paragraph at lines 128--128
\TS1/ptm/m/n/10.95 (+20) ˆ
 []


Underfull \hbox (badness 10000) in paragraph at lines 128--128
\T1/ptm/m/n/10.95 (+20) dis-
 []


Overfull \hbox (0.892pt too wide) in paragraph at lines 128--128
\T1/ptm/m/n/10.95 (-20) ease 
 []


Underfull \hbox (badness 10000) in paragraph at lines 128--128
[]\TS1/ptm/m/n/10.95 (+20) ˆ
 []


Underfull \hbox (badness 10000) in paragraph at lines 128--128
\T1/ptm/m/n/10.95 (+20) his-
 []


Overfull \hbox (1.60005pt too wide) in paragraph at lines 128--128
\T1/ptm/m/n/10.95 (-20) tory 
 []


Underfull \hbox (badness 10000) in paragraph at lines 128--128
\TS1/ptm/m/n/10.95 (+20) ˆ
 []


Overfull \hbox (11.29199pt too wide) in paragraph at lines 128--128
\T1/ptm/m/n/10.95 (-20) events 
 []


Underfull \hbox (badness 10000) in paragraph at lines 128--128
\TS1/ptm/m/n/10.95 (+20) ˆ
 []


Overfull \hbox (1.59991pt too wide) in paragraph at lines 128--128
\T1/ptm/m/n/10.95 (-20) also 
 []


Underfull \hbox (badness 10000) in paragraph at lines 128--128
[]\TS1/ptm/m/n/10.95 (+20) ˆ
 []


Underfull \hbox (badness 10000) in paragraph at lines 128--128
\T1/ptm/m/n/10.95 (+20) re-li-
 []


Underfull \hbox (badness 10000) in paragraph at lines 128--128
\TS1/ptm/m/n/10.95 (+20) ˆ
 []


Underfull \hbox (badness 10000) in paragraph at lines 128--128
\T1/ptm/m/n/10.95 (+20) re-li-
 []


Overfull \hbox (3.64455pt too wide) in paragraph at lines 128--128
\T1/ptm/m/n/10.95 (-20) gious 
 []


Underfull \hbox (badness 10000) in paragraph at lines 128--128
\TS1/ptm/m/n/10.95 (+20) ˆ
 []


Overfull \hbox (1.84169pt too wide) in paragraph at lines 128--128
\T1/ptm/m/n/10.95 (-20) prize 
 []


Underfull \hbox (badness 10000) in paragraph at lines 128--128
[]\TS1/ptm/m/n/10.95 (+20) ˆ
 []


Underfull \hbox (badness 10000) in paragraph at lines 128--128
\T1/ptm/m/n/10.95 (+20) sci-
 []


Underfull \hbox (badness 10000) in paragraph at lines 128--128
\TS1/ptm/m/n/10.95 (+20) ˆ
 []


Underfull \hbox (badness 10000) in paragraph at lines 128--128
\TS1/ptm/m/n/10.95 (+20) ˆ
 []


Underfull \hbox (badness 10000) in paragraph at lines 128--128
\T1/ptm/m/n/10.95 (+20) fac-
 []


Underfull \hbox (badness 10000) in paragraph at lines 128--128
\T1/ptm/m/n/10.95 (+20) tor-
 []


Underfull \hbox (badness 10000) in paragraph at lines 128--128
\T1/ptm/m/n/10.95 (+20) iza-
 []


Underfull \hbox (badness 10000) in paragraph at lines 128--128
[]\TS1/ptm/m/n/10.95 (+20) ˆ
 []


Underfull \hbox (badness 10000) in paragraph at lines 128--128
\T1/ptm/m/n/10.95 (+20) tech-
 []


Underfull \hbox (badness 10000) in paragraph at lines 128--128
\T1/ptm/m/n/10.95 (+20) nol-
 []


Underfull \hbox (badness 10000) in paragraph at lines 128--128
\TS1/ptm/m/n/10.95 (+20) ˆ
 []


Underfull \hbox (badness 10000) in paragraph at lines 128--128
\T1/ptm/m/n/10.95 (+20) en-ter-
 []


Underfull \hbox (badness 10000) in paragraph at lines 128--128
\T1/ptm/m/n/10.95 (+20) tain-
 []


Underfull \hbox (badness 10000) in paragraph at lines 128--128
\TS1/ptm/m/n/10.95 (+20) ˆ
 []


Underfull \hbox (badness 10000) in paragraph at lines 128--128
\T1/ptm/m/n/10.95 (+20) man-
 []


Underfull \hbox (badness 10000) in paragraph at lines 128--128
\T1/ptm/m/n/10.95 (+20) age-
 []


Underfull \hbox (badness 10000) in paragraph at lines 128--128
[]\TS1/ptm/m/n/10.95 (+20) ˆ
 []


Underfull \hbox (badness 10000) in paragraph at lines 128--128
\TS1/ptm/m/n/10.95 (+20) ˆ
 []


Underfull \hbox (badness 10000) in paragraph at lines 128--128
\TS1/ptm/m/n/10.95 (+20) ˆ
 []


Underfull \hbox (badness 10000) in paragraph at lines 128--128
[]\T1/ptm/m/n/10.95 (+20) 20-
 []


Overfull \hbox (7.75337pt too wide) in paragraph at lines 128--128
\T1/ptm/m/n/10.95 (-20) Samp-
 []


Underfull \hbox (badness 10000) in paragraph at lines 128--128
[]\TS1/ptm/m/n/10.95 (+20) ˆ
 []


Overfull \hbox (4.4761pt too wide) in paragraph at lines 128--128
\T1/ptm/m/n/10.95 (-20) sleep 
 []


Underfull \hbox (badness 10000) in paragraph at lines 128--128
\TS1/ptm/m/n/10.95 (+20) ˆ
 []


Overfull \hbox (5.63092pt too wide) in paragraph at lines 128--128
\T1/ptm/m/n/10.95 (-20) track-
 []


Underfull \hbox (badness 10000) in paragraph at lines 128--128
\TS1/ptm/m/n/10.95 (+20) ˆ
 []


Overfull \hbox (0.5196pt too wide) in paragraph at lines 128--128
\T1/ptm/m/n/10.95 (-20) may 
 []


Underfull \hbox (badness 10000) in paragraph at lines 128--128
[]\TS1/ptm/m/n/10.95 (+20) ˆ
 []


Underfull \hbox (badness 10000) in paragraph at lines 128--128
\T1/ptm/m/n/10.95 (+20) his-
 []


Overfull \hbox (1.60005pt too wide) in paragraph at lines 128--128
\T1/ptm/m/n/10.95 (-20) tory 
 []


Underfull \hbox (badness 10000) in paragraph at lines 128--128
\TS1/ptm/m/n/10.95 (+20) ˆ
 []


Overfull \hbox (5.17355pt too wide) in paragraph at lines 128--128
\T1/ptm/m/n/10.95 (-20) depp 
 []


Underfull \hbox (badness 10000) in paragraph at lines 128--128
\TS1/ptm/m/n/10.95 (+20) ˆ
 []


Overfull \hbox (8.14594pt too wide) in paragraph at lines 128--128
\T1/ptm/m/n/10.95 (-20) heard 
 []


Underfull \hbox (badness 10000) in paragraph at lines 128--128
[]\TS1/ptm/m/n/10.95 (+20) ˆ
 []


Overfull \hbox (3.64455pt too wide) in paragraph at lines 128--128
\T1/ptm/m/n/10.95 (-20) mons 
 []


Underfull \hbox (badness 10000) in paragraph at lines 128--128
\TS1/ptm/m/n/10.95 (+20) ˆ
 []


Overfull \hbox (11.39215pt too wide) in paragraph at lines 128--128
\T1/ptm/m/n/10.95 (-20) summa 
 []


Underfull \hbox (badness 10000) in paragraph at lines 128--128
\TS1/ptm/m/n/10.95 (+20) ˆ
 []


Underfull \hbox (badness 10000) in paragraph at lines 128--128
[]\TS1/ptm/m/n/10.95 (+20) ˆ
 []


Underfull \hbox (badness 10000) in paragraph at lines 128--128
\T1/ptm/m/n/10.95 (+20) sci-
 []


Underfull \hbox (badness 10000) in paragraph at lines 128--128
\TS1/ptm/m/n/10.95 (+20) ˆ
 []


Underfull \hbox (badness 10000) in paragraph at lines 128--128
\T1/ptm/m/n/10.95 (+20) sci-
 []


Underfull \hbox (badness 10000) in paragraph at lines 128--128
\T1/ptm/m/n/10.95 (+20) en-
 []


Underfull \hbox (badness 10000) in paragraph at lines 128--128
\TS1/ptm/m/n/10.95 (+20) ˆ
 []


Underfull \hbox (badness 10000) in paragraph at lines 128--128
[]\TS1/ptm/m/n/10.95 (+20) ˆ
 []


Underfull \hbox (badness 10000) in paragraph at lines 128--128
\T1/ptm/m/n/10.95 (+20) tech-
 []


Underfull \hbox (badness 10000) in paragraph at lines 128--128
\T1/ptm/m/n/10.95 (+20) nol-
 []


Underfull \hbox (badness 10000) in paragraph at lines 128--128
\TS1/ptm/m/n/10.95 (+20) ˆ \T1/ptm/m/n/10.95 (+20) so-
 []


Underfull \hbox (badness 10000) in paragraph at lines 128--128
\TS1/ptm/m/n/10.95 (+20) ˆ
 []


Underfull \hbox (badness 10000) in paragraph at lines 128--128
[]\TS1/ptm/m/n/10.95 (+20) ˆ
 []


Underfull \hbox (badness 10000) in paragraph at lines 128--128
\TS1/ptm/m/n/10.95 (+20) ˆ
 []


Underfull \hbox (badness 10000) in paragraph at lines 128--128
\T1/ptm/m/n/10.95 (+20) so-
 []


Underfull \hbox (badness 10000) in paragraph at lines 128--128
\TS1/ptm/m/n/10.95 (+20) ˆ
 []


Overfull \hbox (10.52928pt too wide) in paragraph at lines 128--128
\T1/ptm/m/n/10.95 (-20) artists 
 []

> Step: build the whole table.

Overfull \hbox (4.43979pt too wide) in paragraph at lines 128--128
[]\T1/ptm/m/n/10.95 (-20) Heal-
 []


Overfull \hbox (3.95645pt too wide) in paragraph at lines 128--128
[]\T1/ptm/m/n/10.95 (-20) Hist-
 []


Underfull \hbox (badness 10000) in paragraph at lines 128--128
[]\T1/ptm/m/n/10.95 (+20) Rel-
 []


Overfull \hbox (2.45341pt too wide) in paragraph at lines 128--128
\T1/ptm/m/n/10.95 (-20) igion 
 []


Underfull \hbox (badness 10000) in paragraph at lines 128--128
[]\T1/ptm/m/n/10.95 (+20) Sci-
 []


Underfull \hbox (badness 10000) in paragraph at lines 128--128
[]\T1/ptm/m/n/10.95 (+20) Tech-
 []


Overfull \hbox (4.00789pt too wide) in paragraph at lines 128--128
\T1/ptm/m/n/10.95 (-20) nology 
 []


Overfull \hbox (1.24077pt too wide) in paragraph at lines 128--128
[]\T1/ptm/m/n/10.95 (-20) The
 []


Overfull \hbox (2.97787pt too wide) in paragraph at lines 128--128
\T1/ptm/m/n/10.95 (-20) Arts 
 []




Underfull \hbox (badness 10000) in paragraph at lines 128--128
[]\T1/ptm/m/n/10.95 (+20) 10-
 []


Overfull \hbox (7.75337pt too wide) in paragraph at lines 128--128
\T1/ptm/m/n/10.95 (-20) Samp-
 []


Underfull \hbox (badness 10000) in paragraph at lines 128--128
[]\TS1/ptm/m/n/10.95 (+20) ˆ
 []


Overfull \hbox (8.65047pt too wide) in paragraph at lines 128--128
\T1/ptm/m/n/10.95 (-20) health 
 []


Underfull \hbox (badness 10000) in paragraph at lines 128--128
\TS1/ptm/m/n/10.95 (+20) ˆ
 []


Underfull \hbox (badness 10000) in paragraph at lines 128--128
\TS1/ptm/m/n/10.95 (+20) ˆ
 []


Underfull \hbox (badness 10000) in paragraph at lines 128--128
\T1/ptm/m/n/10.95 (+20) dis-
 []


Overfull \hbox (0.892pt too wide) in paragraph at lines 128--128
\T1/ptm/m/n/10.95 (-20) ease 
 []


Underfull \hbox (badness 10000) in paragraph at lines 128--128
[]\TS1/ptm/m/n/10.95 (+20) ˆ
 []


Underfull \hbox (badness 10000) in paragraph at lines 128--128
\T1/ptm/m/n/10.95 (+20) his-
 []


Overfull \hbox (1.60005pt too wide) in paragraph at lines 128--128
\T1/ptm/m/n/10.95 (-20) tory 
 []


Underfull \hbox (badness 10000) in paragraph at lines 128--128
\TS1/ptm/m/n/10.95 (+20) ˆ
 []


Overfull \hbox (11.29199pt too wide) in paragraph at lines 128--128
\T1/ptm/m/n/10.95 (-20) events 
 []


Underfull \hbox (badness 10000) in paragraph at lines 128--128
\TS1/ptm/m/n/10.95 (+20) ˆ
 []


Overfull \hbox (1.59991pt too wide) in paragraph at lines 128--128
\T1/ptm/m/n/10.95 (-20) also 
 []


Underfull \hbox (badness 10000) in paragraph at lines 128--128
[]\TS1/ptm/m/n/10.95 (+20) ˆ
 []


Underfull \hbox (badness 10000) in paragraph at lines 128--128
\T1/ptm/m/n/10.95 (+20) re-li-
 []


Underfull \hbox (badness 10000) in paragraph at lines 128--128
\TS1/ptm/m/n/10.95 (+20) ˆ
 []


Underfull \hbox (badness 10000) in paragraph at lines 128--128
\T1/ptm/m/n/10.95 (+20) re-li-
 []


Overfull \hbox (3.64455pt too wide) in paragraph at lines 128--128
\T1/ptm/m/n/10.95 (-20) gious 
 []


Underfull \hbox (badness 10000) in paragraph at lines 128--128
\TS1/ptm/m/n/10.95 (+20) ˆ
 []


Overfull \hbox (1.84169pt too wide) in paragraph at lines 128--128
\T1/ptm/m/n/10.95 (-20) prize 
 []


Underfull \hbox (badness 10000) in paragraph at lines 128--128
[]\TS1/ptm/m/n/10.95 (+20) ˆ
 []


Underfull \hbox (badness 10000) in paragraph at lines 128--128
\T1/ptm/m/n/10.95 (+20) sci-
 []


Underfull \hbox (badness 10000) in paragraph at lines 128--128
\TS1/ptm/m/n/10.95 (+20) ˆ
 []


Underfull \hbox (badness 10000) in paragraph at lines 128--128
\TS1/ptm/m/n/10.95 (+20) ˆ
 []


Underfull \hbox (badness 10000) in paragraph at lines 128--128
\T1/ptm/m/n/10.95 (+20) fac-
 []


Underfull \hbox (badness 10000) in paragraph at lines 128--128
\T1/ptm/m/n/10.95 (+20) tor-
 []


Underfull \hbox (badness 10000) in paragraph at lines 128--128
\T1/ptm/m/n/10.95 (+20) iza-
 []


Underfull \hbox (badness 10000) in paragraph at lines 128--128
[]\TS1/ptm/m/n/10.95 (+20) ˆ
 []


Underfull \hbox (badness 10000) in paragraph at lines 128--128
\T1/ptm/m/n/10.95 (+20) tech-
 []


Underfull \hbox (badness 10000) in paragraph at lines 128--128
\T1/ptm/m/n/10.95 (+20) nol-
 []


Underfull \hbox (badness 10000) in paragraph at lines 128--128
\TS1/ptm/m/n/10.95 (+20) ˆ
 []


Underfull \hbox (badness 10000) in paragraph at lines 128--128
\T1/ptm/m/n/10.95 (+20) en-ter-
 []


Underfull \hbox (badness 10000) in paragraph at lines 128--128
\T1/ptm/m/n/10.95 (+20) tain-
 []


Underfull \hbox (badness 10000) in paragraph at lines 128--128
\TS1/ptm/m/n/10.95 (+20) ˆ
 []


Underfull \hbox (badness 10000) in paragraph at lines 128--128
\T1/ptm/m/n/10.95 (+20) man-
 []


Underfull \hbox (badness 10000) in paragraph at lines 128--128
\T1/ptm/m/n/10.95 (+20) age-
 []


Underfull \hbox (badness 10000) in paragraph at lines 128--128
[]\TS1/ptm/m/n/10.95 (+20) ˆ
 []


Underfull \hbox (badness 10000) in paragraph at lines 128--128
\TS1/ptm/m/n/10.95 (+20) ˆ
 []


Underfull \hbox (badness 10000) in paragraph at lines 128--128
\TS1/ptm/m/n/10.95 (+20) ˆ
 []


Underfull \hbox (badness 10000) in paragraph at lines 128--128
[]\T1/ptm/m/n/10.95 (+20) 20-
 []


Overfull \hbox (7.75337pt too wide) in paragraph at lines 128--128
\T1/ptm/m/n/10.95 (-20) Samp-
 []


Underfull \hbox (badness 10000) in paragraph at lines 128--128
[]\TS1/ptm/m/n/10.95 (+20) ˆ
 []


Overfull \hbox (4.4761pt too wide) in paragraph at lines 128--128
\T1/ptm/m/n/10.95 (-20) sleep 
 []


Underfull \hbox (badness 10000) in paragraph at lines 128--128
\TS1/ptm/m/n/10.95 (+20) ˆ
 []


Overfull \hbox (5.63092pt too wide) in paragraph at lines 128--128
\T1/ptm/m/n/10.95 (-20) track-
 []


Underfull \hbox (badness 10000) in paragraph at lines 128--128
\TS1/ptm/m/n/10.95 (+20) ˆ
 []


Overfull \hbox (0.5196pt too wide) in paragraph at lines 128--128
\T1/ptm/m/n/10.95 (-20) may 
 []


Underfull \hbox (badness 10000) in paragraph at lines 128--128
[]\TS1/ptm/m/n/10.95 (+20) ˆ
 []


Underfull \hbox (badness 10000) in paragraph at lines 128--128
\T1/ptm/m/n/10.95 (+20) his-
 []


Overfull \hbox (1.60005pt too wide) in paragraph at lines 128--128
\T1/ptm/m/n/10.95 (-20) tory 
 []


Underfull \hbox (badness 10000) in paragraph at lines 128--128
\TS1/ptm/m/n/10.95 (+20) ˆ
 []


Overfull \hbox (5.17355pt too wide) in paragraph at lines 128--128
\T1/ptm/m/n/10.95 (-20) depp 
 []


Underfull \hbox (badness 10000) in paragraph at lines 128--128
\TS1/ptm/m/n/10.95 (+20) ˆ
 []


Overfull \hbox (8.14594pt too wide) in paragraph at lines 128--128
\T1/ptm/m/n/10.95 (-20) heard 
 []


Underfull \hbox (badness 10000) in paragraph at lines 128--128
[]\TS1/ptm/m/n/10.95 (+20) ˆ
 []


Overfull \hbox (3.64455pt too wide) in paragraph at lines 128--128
\T1/ptm/m/n/10.95 (-20) mons 
 []


Underfull \hbox (badness 10000) in paragraph at lines 128--128
\TS1/ptm/m/n/10.95 (+20) ˆ
 []


Overfull \hbox (11.39215pt too wide) in paragraph at lines 128--128
\T1/ptm/m/n/10.95 (-20) summa 
 []


Underfull \hbox (badness 10000) in paragraph at lines 128--128
\TS1/ptm/m/n/10.95 (+20) ˆ
 []


Underfull \hbox (badness 10000) in paragraph at lines 128--128
[]\TS1/ptm/m/n/10.95 (+20) ˆ
 []


Underfull \hbox (badness 10000) in paragraph at lines 128--128
\T1/ptm/m/n/10.95 (+20) sci-
 []


Underfull \hbox (badness 10000) in paragraph at lines 128--128
\TS1/ptm/m/n/10.95 (+20) ˆ
 []


Underfull \hbox (badness 10000) in paragraph at lines 128--128
\T1/ptm/m/n/10.95 (+20) sci-
 []


Underfull \hbox (badness 10000) in paragraph at lines 128--128
\T1/ptm/m/n/10.95 (+20) en-
 []


Underfull \hbox (badness 10000) in paragraph at lines 128--128
\TS1/ptm/m/n/10.95 (+20) ˆ
 []


Underfull \hbox (badness 10000) in paragraph at lines 128--128
[]\TS1/ptm/m/n/10.95 (+20) ˆ
 []


Underfull \hbox (badness 10000) in paragraph at lines 128--128
\T1/ptm/m/n/10.95 (+20) tech-
 []


Underfull \hbox (badness 10000) in paragraph at lines 128--128
\T1/ptm/m/n/10.95 (+20) nol-
 []


Underfull \hbox (badness 10000) in paragraph at lines 128--128
\TS1/ptm/m/n/10.95 (+20) ˆ \T1/ptm/m/n/10.95 (+20) so-
 []


Underfull \hbox (badness 10000) in paragraph at lines 128--128
\TS1/ptm/m/n/10.95 (+20) ˆ
 []


Underfull \hbox (badness 10000) in paragraph at lines 128--128
[]\TS1/ptm/m/n/10.95 (+20) ˆ
 []


Underfull \hbox (badness 10000) in paragraph at lines 128--128
\TS1/ptm/m/n/10.95 (+20) ˆ
 []


Underfull \hbox (badness 10000) in paragraph at lines 128--128
\T1/ptm/m/n/10.95 (+20) so-
 []


Underfull \hbox (badness 10000) in paragraph at lines 128--128
\TS1/ptm/m/n/10.95 (+20) ˆ
 []


Overfull \hbox (10.52928pt too wide) in paragraph at lines 128--128
\T1/ptm/m/n/10.95 (-20) artists 
 []


Underfull \vbox (badness 10000) has occurred while \output is active []



[2]



[3

] (Report.aux)
 ***********
LaTeX2e <2024-11-01>
L3 programming layer <2024-11-02>
 ***********
Package rerunfilecheck Info: File `Report.out' has not changed.
(rerunfilecheck)             Checksum: D41D8CD98F00B204E9800998ECF8427E;0.
 ) 
Here is how much of TeX's memory you used:
 17452 strings out of 473681
 308623 string characters out of 5719194
 813349 words of memory out of 5000000
 40216 multiletter control sequences out of 15000+600000
 585467 words of font info for 148 fonts, out of 8000000 for 9000
 1141 hyphenation exceptions out of 8191
 90i,10n,93p,2329b,744s stack positions out of 10000i,1000n,20000p,200000b,200000s
<C:/Users/maggi/AppData/Local/Programs/MiKTeX/fonts/type1/urw/times/utmb8a.pfb><C:/Users/maggi/AppData/Local/Programs/MiKTeX/fonts/type1/urw/times/utmr8a.pfb>
Output written on Report.pdf (3 pages, 43087 bytes).
PDF statistics:
 39 PDF objects out of 1000 (max. 8388607)
 11 named destinations out of 1000 (max. 500000)
 24577 words of extra memory for PDF output out of 24883 (max. 10000000)

